0 info it worked if it ends with ok
1 verbose cli [ '/usr/bin/node',
1 verbose cli   '/usr/bin/npm',
1 verbose cli   'run',
1 verbose cli   'test-single',
1 verbose cli   '--',
1 verbose cli   'test/b4exercise3.test.js' ]
2 info using npm@3.5.2
3 info using node@v8.10.0
4 verbose stack Error: ENOENT: no such file or directory, open '/home/tahelena/Documents/BCS/Projects/Project01/package.json'
5 verbose cwd /home/tahelena/Documents/BCS/Projects/Project01
6 error Linux 4.15.0-43-generic
7 error argv "/usr/bin/node" "/usr/bin/npm" "run" "test-single" "--" "test/b4exercise3.test.js"
8 error node v8.10.0
9 error npm  v3.5.2
10 error path /home/tahelena/Documents/BCS/Projects/Project01/package.json
11 error code ENOENT
12 error errno -2
13 error syscall open
14 error enoent ENOENT: no such file or directory, open '/home/tahelena/Documents/BCS/Projects/Project01/package.json'
15 error enoent ENOENT: no such file or directory, open '/home/tahelena/Documents/BCS/Projects/Project01/package.json'
15 error enoent This is most likely not a problem with npm itself
15 error enoent and is related to npm not being able to find a file.
16 verbose exit [ -2, true ]
